The system is: Linux - 4.4.0-97-generic - x86_64
Compiling the CXX compiler identification source file "CMakeCXXCompilerId.cpp" succeeded.
Compiler: /usr/bin/c++ 
Build flags: 
Id flags:  

The output was:
0


Compilation of the CXX compiler identification source "CMakeCXXCompilerId.cpp" produced "a.out"

The CXX compiler identification is GNU, found in "/home/bhagyasyam/exp_tut/cuda_tuts/assignment-3/CMakeFiles/3.10.0-rc5/CompilerIdCXX/a.out"

Compiling the CUDA compiler identification source file "CMakeCUDACompilerId.cu" succeeded.
Compiler: /usr/local/cuda-8.0/bin/nvcc 
Build flags: 
Id flags:  -v;--keep;--keep-dir;tmp

The output was:
0
nvcc warning : The 'compute_20', 'sm_20', and 'sm_21' architectures are deprecated, and may be removed in a future release (Use -Wno-deprecated-gpu-targets to suppress warning).
#$ _SPACE_= 
#$ _CUDART_=cudart
#$ _HERE_=/usr/local/cuda-8.0/bin
#$ _THERE_=/usr/local/cuda-8.0/bin
#$ _TARGET_SIZE_=
#$ _TARGET_DIR_=
#$ _TARGET_DIR_=targets/x86_64-linux
#$ TOP=/usr/local/cuda-8.0/bin/..
#$ NVVMIR_LIBRARY_DIR=/usr/local/cuda-8.0/bin/../nvvm/libdevice
#$ LD_LIBRARY_PATH=/usr/local/cuda-8.0/bin/../lib:/usr/local/cuda-8.0/lib64:/usr/local/lib:/home/bhagyasyam/OA/devel/lib:/opt/ros/indigo/lib
#$ PATH=/usr/local/cuda-8.0/bin/../open64/bin:/usr/local/cuda-8.0/bin/../nvvm/bin:/usr/local/cuda-8.0/bin:/usr/local/cuda-8.0/bin:/opt/ros/indigo/bin:/home/bhagyasyam/.local/bin:/usr/local/bin:/usr/local/sbin:/usr/sbin:/usr/bin:/sbin:/bin:/usr/games:/usr/local/games
#$ INCLUDES="-I/usr/local/cuda-8.0/bin/../targets/x86_64-linux/include"  
#$ LIBRARIES=  "-L/usr/local/cuda-8.0/bin/../targets/x86_64-linux/lib/stubs" "-L/usr/local/cuda-8.0/bin/../targets/x86_64-linux/lib"
#$ CUDAFE_FLAGS=
#$ PTXAS_FLAGS=
#$ rm tmp/a_dlink.reg.c
#$ gcc -D__CUDA_ARCH__=200 -E -x c++           -DCUDA_DOUBLE_MATH_FUNCTIONS  -D__CUDACC__ -D__NVCC__  "-I/usr/local/cuda-8.0/bin/../targets/x86_64-linux/include"   -D"__CUDACC_VER__=80061" -D"__CUDACC_VER_BUILD__=61" -D"__CUDACC_VER_MINOR__=0" -D"__CUDACC_VER_MAJOR__=8" -include "cuda_runtime.h" -m64 "CMakeCUDACompilerId.cu" > "tmp/CMakeCUDACompilerId.cpp1.ii" 
#$ cudafe --allow_managed --m64 --gnu_version=40805 -tused --no_remove_unneeded_entities  --gen_c_file_name "tmp/CMakeCUDACompilerId.cudafe1.c" --stub_file_name "tmp/CMakeCUDACompilerId.cudafe1.stub.c" --gen_device_file_name "tmp/CMakeCUDACompilerId.cudafe1.gpu" --nv_arch "compute_20" --gen_module_id_file --module_id_file_name "tmp/CMakeCUDACompilerId.module_id" --include_file_name "CMakeCUDACompilerId.fatbin.c" "tmp/CMakeCUDACompilerId.cpp1.ii" 
#$ gcc -E -x c++ -D__CUDACC__ -D__NVCC__  "-I/usr/local/cuda-8.0/bin/../targets/x86_64-linux/include"   -D"__CUDACC_VER__=80061" -D"__CUDACC_VER_BUILD__=61" -D"__CUDACC_VER_MINOR__=0" -D"__CUDACC_VER_MAJOR__=8" -include "cuda_runtime.h" -m64 "CMakeCUDACompilerId.cu" > "tmp/CMakeCUDACompilerId.cpp4.ii" 
#$ cudafe++ --allow_managed --m64 --gnu_version=40805 --parse_templates  --gen_c_file_name "tmp/CMakeCUDACompilerId.cudafe1.cpp" --stub_file_name "CMakeCUDACompilerId.cudafe1.stub.c" --module_id_file_name "tmp/CMakeCUDACompilerId.module_id" "tmp/CMakeCUDACompilerId.cpp4.ii" 
#$ gcc -D__CUDA_ARCH__=200 -E -x c           -DCUDA_DOUBLE_MATH_FUNCTIONS  -D__CUDACC__ -D__NVCC__ -D__CUDANVVM__  -D__CUDA_FTZ=0 -D__CUDA_PREC_DIV=1 -D__CUDA_PREC_SQRT=1 "-I/usr/local/cuda-8.0/bin/../targets/x86_64-linux/include"   -m64 "tmp/CMakeCUDACompilerId.cudafe1.gpu" > "tmp/CMakeCUDACompilerId.cpp2.i" 
#$ cudafe -w --allow_managed --m64 --gnu_version=40805 --c  --gen_c_file_name "tmp/CMakeCUDACompilerId.cudafe2.c" --stub_file_name "tmp/CMakeCUDACompilerId.cudafe2.stub.c" --gen_device_file_name "tmp/CMakeCUDACompilerId.cudafe2.gpu" --nv_arch "compute_20" --module_id_file_name "tmp/CMakeCUDACompilerId.module_id" --include_file_name "CMakeCUDACompilerId.fatbin.c" "tmp/CMakeCUDACompilerId.cpp2.i" 
#$ gcc -D__CUDA_ARCH__=200 -E -x c           -DCUDA_DOUBLE_MATH_FUNCTIONS  -D__CUDABE__ -D__CUDANVVM__ -D__USE_FAST_MATH__=0  -D__CUDA_FTZ=0 -D__CUDA_PREC_DIV=1 -D__CUDA_PREC_SQRT=1 "-I/usr/local/cuda-8.0/bin/../targets/x86_64-linux/include"   -m64 "tmp/CMakeCUDACompilerId.cudafe2.gpu" > "tmp/CMakeCUDACompilerId.cpp3.i" 
#$ cicc  -arch compute_20 -m64 -ftz=0 -prec_div=1 -prec_sqrt=1 -fmad=1 -nvvmir-library "/usr/local/cuda-8.0/bin/../nvvm/libdevice/libdevice.compute_20.10.bc" --orig_src_file_name "CMakeCUDACompilerId.cu"  "tmp/CMakeCUDACompilerId.cpp3.i" -o "tmp/CMakeCUDACompilerId.ptx"
#$ ptxas  -arch=sm_20 -m64  "tmp/CMakeCUDACompilerId.ptx"  -o "tmp/CMakeCUDACompilerId.sm_20.cubin" 
#$ fatbinary --create="tmp/CMakeCUDACompilerId.fatbin" -64 "--image=profile=sm_20,file=tmp/CMakeCUDACompilerId.sm_20.cubin" "--image=profile=compute_20,file=tmp/CMakeCUDACompilerId.ptx" --embedded-fatbin="tmp/CMakeCUDACompilerId.fatbin.c" --cuda
#$ gcc -D__CUDA_ARCH__=200 -E -x c++           -DCUDA_DOUBLE_MATH_FUNCTIONS  -D__USE_FAST_MATH__=0  -D__CUDA_FTZ=0 -D__CUDA_PREC_DIV=1 -D__CUDA_PREC_SQRT=1 "-I/usr/local/cuda-8.0/bin/../targets/x86_64-linux/include"   -m64 "tmp/CMakeCUDACompilerId.cudafe1.cpp" > "tmp/CMakeCUDACompilerId.cu.cpp.ii" 
#$ gcc -c -x c++ "-I/usr/local/cuda-8.0/bin/../targets/x86_64-linux/include"   -fpreprocessed -m64 -o "tmp/CMakeCUDACompilerId.o" "tmp/CMakeCUDACompilerId.cu.cpp.ii" 
#$ nvlink --arch=sm_20 --register-link-binaries="tmp/a_dlink.reg.c" -m64   "-L/usr/local/cuda-8.0/bin/../targets/x86_64-linux/lib/stubs" "-L/usr/local/cuda-8.0/bin/../targets/x86_64-linux/lib" -cpu-arch=X86_64 "tmp/CMakeCUDACompilerId.o"  -o "tmp/a_dlink.sm_20.cubin"
#$ fatbinary --create="tmp/a_dlink.fatbin" -64 -link "--image=profile=sm_20,file=tmp/a_dlink.sm_20.cubin" --embedded-fatbin="tmp/a_dlink.fatbin.c" 
#$ gcc -c -x c++ -DFATBINFILE="\"tmp/a_dlink.fatbin.c\"" -DREGISTERLINKBINARYFILE="\"tmp/a_dlink.reg.c\"" -I. "-I/usr/local/cuda-8.0/bin/../targets/x86_64-linux/include"   -D"__CUDACC_VER__=80061" -D"__CUDACC_VER_BUILD__=61" -D"__CUDACC_VER_MINOR__=0" -D"__CUDACC_VER_MAJOR__=8" -m64 -o "tmp/a_dlink.o" "/usr/local/cuda-8.0/bin/crt/link.stub" 
#$ g++ -m64 -o "a.out" -Wl,--start-group "tmp/a_dlink.o" "tmp/CMakeCUDACompilerId.o"   "-L/usr/local/cuda-8.0/bin/../targets/x86_64-linux/lib/stubs" "-L/usr/local/cuda-8.0/bin/../targets/x86_64-linux/lib" -lcudadevrt  -lcudart_static  -lrt -lpthread  -ldl  -Wl,--end-group 


Compilation of the CUDA compiler identification source "CMakeCUDACompilerId.cu" produced "a.out"

The CUDA compiler identification is NVIDIA, found in "/home/bhagyasyam/exp_tut/cuda_tuts/assignment-3/CMakeFiles/3.10.0-rc5/CompilerIdCUDA/a.out"

Parsed CUDA nvcc implicit link information from above output:
  found 'PATH=' string: [/usr/local/cuda-8.0/bin/../open64/bin:/usr/local/cuda-8.0/bin/../nvvm/bin:/usr/local/cuda-8.0/bin:/usr/local/cuda-8.0/bin:/opt/ros/indigo/bin:/home/bhagyasyam/.local/bin:/usr/local/bin:/usr/local/sbin:/usr/sbin:/usr/bin:/sbin:/bin:/usr/games:/usr/local/games]
  found 'LIBRARIES=' string: ["-L/usr/local/cuda-8.0/bin/../targets/x86_64-linux/lib/stubs" "-L/usr/local/cuda-8.0/bin/../targets/x86_64-linux/lib"]
  considering line: [nvcc warning : The 'compute_20', 'sm_20', and 'sm_21' architectures are deprecated, and may be removed in a future release (Use -Wno-deprecated-gpu-targets to suppress warning).]
  considering line: [rm tmp/a_dlink.reg.c]
  considering line: [gcc -D__CUDA_ARCH__=200 -E -x c++           -DCUDA_DOUBLE_MATH_FUNCTIONS  -D__CUDACC__ -D__NVCC__  "-I/usr/local/cuda-8.0/bin/../targets/x86_64-linux/include"   -D"__CUDACC_VER__=80061" -D"__CUDACC_VER_BUILD__=61" -D"__CUDACC_VER_MINOR__=0" -D"__CUDACC_VER_MAJOR__=8" -include "cuda_runtime.h" -m64 "CMakeCUDACompilerId.cu" > "tmp/CMakeCUDACompilerId.cpp1.ii" ]
  considering line: [cudafe --allow_managed --m64 --gnu_version=40805 -tused --no_remove_unneeded_entities  --gen_c_file_name "tmp/CMakeCUDACompilerId.cudafe1.c" --stub_file_name "tmp/CMakeCUDACompilerId.cudafe1.stub.c" --gen_device_file_name "tmp/CMakeCUDACompilerId.cudafe1.gpu" --nv_arch "compute_20" --gen_module_id_file --module_id_file_name "tmp/CMakeCUDACompilerId.module_id" --include_file_name "CMakeCUDACompilerId.fatbin.c" "tmp/CMakeCUDACompilerId.cpp1.ii" ]
  considering line: [gcc -E -x c++ -D__CUDACC__ -D__NVCC__  "-I/usr/local/cuda-8.0/bin/../targets/x86_64-linux/include"   -D"__CUDACC_VER__=80061" -D"__CUDACC_VER_BUILD__=61" -D"__CUDACC_VER_MINOR__=0" -D"__CUDACC_VER_MAJOR__=8" -include "cuda_runtime.h" -m64 "CMakeCUDACompilerId.cu" > "tmp/CMakeCUDACompilerId.cpp4.ii" ]
  considering line: [cudafe++ --allow_managed --m64 --gnu_version=40805 --parse_templates  --gen_c_file_name "tmp/CMakeCUDACompilerId.cudafe1.cpp" --stub_file_name "CMakeCUDACompilerId.cudafe1.stub.c" --module_id_file_name "tmp/CMakeCUDACompilerId.module_id" "tmp/CMakeCUDACompilerId.cpp4.ii" ]
  considering line: [gcc -D__CUDA_ARCH__=200 -E -x c           -DCUDA_DOUBLE_MATH_FUNCTIONS  -D__CUDACC__ -D__NVCC__ -D__CUDANVVM__  -D__CUDA_FTZ=0 -D__CUDA_PREC_DIV=1 -D__CUDA_PREC_SQRT=1 "-I/usr/local/cuda-8.0/bin/../targets/x86_64-linux/include"   -m64 "tmp/CMakeCUDACompilerId.cudafe1.gpu" > "tmp/CMakeCUDACompilerId.cpp2.i" ]
  considering line: [cudafe -w --allow_managed --m64 --gnu_version=40805 --c  --gen_c_file_name "tmp/CMakeCUDACompilerId.cudafe2.c" --stub_file_name "tmp/CMakeCUDACompilerId.cudafe2.stub.c" --gen_device_file_name "tmp/CMakeCUDACompilerId.cudafe2.gpu" --nv_arch "compute_20" --module_id_file_name "tmp/CMakeCUDACompilerId.module_id" --include_file_name "CMakeCUDACompilerId.fatbin.c" "tmp/CMakeCUDACompilerId.cpp2.i" ]
  considering line: [gcc -D__CUDA_ARCH__=200 -E -x c           -DCUDA_DOUBLE_MATH_FUNCTIONS  -D__CUDABE__ -D__CUDANVVM__ -D__USE_FAST_MATH__=0  -D__CUDA_FTZ=0 -D__CUDA_PREC_DIV=1 -D__CUDA_PREC_SQRT=1 "-I/usr/local/cuda-8.0/bin/../targets/x86_64-linux/include"   -m64 "tmp/CMakeCUDACompilerId.cudafe2.gpu" > "tmp/CMakeCUDACompilerId.cpp3.i" ]
  considering line: [cicc  -arch compute_20 -m64 -ftz=0 -prec_div=1 -prec_sqrt=1 -fmad=1 -nvvmir-library "/usr/local/cuda-8.0/bin/../nvvm/libdevice/libdevice.compute_20.10.bc" --orig_src_file_name "CMakeCUDACompilerId.cu"  "tmp/CMakeCUDACompilerId.cpp3.i" -o "tmp/CMakeCUDACompilerId.ptx"]
  considering line: [ptxas  -arch=sm_20 -m64  "tmp/CMakeCUDACompilerId.ptx"  -o "tmp/CMakeCUDACompilerId.sm_20.cubin" ]
  considering line: [fatbinary --create="tmp/CMakeCUDACompilerId.fatbin" -64 "--image=profile=sm_20,file=tmp/CMakeCUDACompilerId.sm_20.cubin" "--image=profile=compute_20,file=tmp/CMakeCUDACompilerId.ptx" --embedded-fatbin="tmp/CMakeCUDACompilerId.fatbin.c" --cuda]
  considering line: [gcc -D__CUDA_ARCH__=200 -E -x c++           -DCUDA_DOUBLE_MATH_FUNCTIONS  -D__USE_FAST_MATH__=0  -D__CUDA_FTZ=0 -D__CUDA_PREC_DIV=1 -D__CUDA_PREC_SQRT=1 "-I/usr/local/cuda-8.0/bin/../targets/x86_64-linux/include"   -m64 "tmp/CMakeCUDACompilerId.cudafe1.cpp" > "tmp/CMakeCUDACompilerId.cu.cpp.ii" ]
  considering line: [gcc -c -x c++ "-I/usr/local/cuda-8.0/bin/../targets/x86_64-linux/include"   -fpreprocessed -m64 -o "tmp/CMakeCUDACompilerId.o" "tmp/CMakeCUDACompilerId.cu.cpp.ii" ]
  considering line: [nvlink --arch=sm_20 --register-link-binaries="tmp/a_dlink.reg.c" -m64   "-L/usr/local/cuda-8.0/bin/../targets/x86_64-linux/lib/stubs" "-L/usr/local/cuda-8.0/bin/../targets/x86_64-linux/lib" -cpu-arch=X86_64 "tmp/CMakeCUDACompilerId.o"  -o "tmp/a_dlink.sm_20.cubin"]
    ignoring nvlink line
  considering line: [fatbinary --create="tmp/a_dlink.fatbin" -64 -link "--image=profile=sm_20,file=tmp/a_dlink.sm_20.cubin" --embedded-fatbin="tmp/a_dlink.fatbin.c" ]
  considering line: [gcc -c -x c++ -DFATBINFILE="\"tmp/a_dlink.fatbin.c\"" -DREGISTERLINKBINARYFILE="\"tmp/a_dlink.reg.c\"" -I. "-I/usr/local/cuda-8.0/bin/../targets/x86_64-linux/include"   -D"__CUDACC_VER__=80061" -D"__CUDACC_VER_BUILD__=61" -D"__CUDACC_VER_MINOR__=0" -D"__CUDACC_VER_MAJOR__=8" -m64 -o "tmp/a_dlink.o" "/usr/local/cuda-8.0/bin/crt/link.stub" ]
  considering line: [g++ -m64 -o "a.out" -Wl,--start-group "tmp/a_dlink.o" "tmp/CMakeCUDACompilerId.o"   "-L/usr/local/cuda-8.0/bin/../targets/x86_64-linux/lib/stubs" "-L/usr/local/cuda-8.0/bin/../targets/x86_64-linux/lib" -lcudadevrt  -lcudart_static  -lrt -lpthread  -ldl  -Wl,--end-group ]
    extracted link line: [g++ -m64 -o "a.out" -Wl,--start-group "tmp/a_dlink.o" "tmp/CMakeCUDACompilerId.o"   "-L/usr/local/cuda-8.0/bin/../targets/x86_64-linux/lib/stubs" "-L/usr/local/cuda-8.0/bin/../targets/x86_64-linux/lib" -lcudadevrt  -lcudart_static  -lrt -lpthread  -ldl  -Wl,--end-group ]
  considering line: []
  extracted link launcher name: [g++]
  found link launcher absolute path: [/usr/bin/g++]

  link line regex: [^( *|.*[/\])(ld|CMAKE_LINK_STARTFILE-NOTFOUND|([^/\]+-)?ld|collect2)[^/\]*( |$)]
  link line: [cuda-fake-ld g++ -m64 -o "a.out" -Wl,--start-group "tmp/a_dlink.o" "tmp/CMakeCUDACompilerId.o"   "-L/usr/local/cuda-8.0/bin/../targets/x86_64-linux/lib/stubs" "-L/usr/local/cuda-8.0/bin/../targets/x86_64-linux/lib" -lcudadevrt  -lcudart_static  -lrt -lpthread  -ldl  -Wl,--end-group ]
    arg [cuda-fake-ld] ==> ignore
    arg [g++] ==> ignore
    arg [-m64] ==> ignore
    arg [-o] ==> ignore
    arg [a.out] ==> ignore
    arg [-Wl,--start-group] ==> ignore
    arg [tmp/a_dlink.o] ==> ignore
    arg [tmp/CMakeCUDACompilerId.o] ==> ignore
    arg [-L/usr/local/cuda-8.0/bin/../targets/x86_64-linux/lib/stubs] ==> dir [/usr/local/cuda-8.0/bin/../targets/x86_64-linux/lib/stubs]
    arg [-L/usr/local/cuda-8.0/bin/../targets/x86_64-linux/lib] ==> dir [/usr/local/cuda-8.0/bin/../targets/x86_64-linux/lib]
    arg [-lcudadevrt] ==> lib [cudadevrt]
    arg [-lcudart_static] ==> lib [cudart_static]
    arg [-lrt] ==> lib [rt]
    arg [-lpthread] ==> lib [pthread]
    arg [-ldl] ==> lib [dl]
    arg [-Wl,--end-group] ==> ignore
  collapse library dir [/usr/local/cuda-8.0/bin/../targets/x86_64-linux/lib/stubs] ==> [/usr/local/cuda-8.0/targets/x86_64-linux/lib/stubs]
  collapse library dir [/usr/local/cuda-8.0/bin/../targets/x86_64-linux/lib] ==> [/usr/local/cuda-8.0/targets/x86_64-linux/lib]
  implicit libs: [cudadevrt;cudart_static;rt;pthread;dl]
  implicit dirs: [/usr/local/cuda-8.0/targets/x86_64-linux/lib/stubs;/usr/local/cuda-8.0/targets/x86_64-linux/lib]
  implicit fwks: []


Parsed CUDA nvcc include information from above output:
  found 'PATH=' string: [/usr/local/cuda-8.0/bin/../open64/bin:/usr/local/cuda-8.0/bin/../nvvm/bin:/usr/local/cuda-8.0/bin:/usr/local/cuda-8.0/bin:/opt/ros/indigo/bin:/home/bhagyasyam/.local/bin:/usr/local/bin:/usr/local/sbin:/usr/sbin:/usr/bin:/sbin:/bin:/usr/games:/usr/local/games]
  found 'LIBRARIES=' string: ["-L/usr/local/cuda-8.0/bin/../targets/x86_64-linux/lib/stubs" "-L/usr/local/cuda-8.0/bin/../targets/x86_64-linux/lib"]
  considering line: [nvcc warning : The 'compute_20', 'sm_20', and 'sm_21' architectures are deprecated, and may be removed in a future release (Use -Wno-deprecated-gpu-targets to suppress warning).]
  considering line: [rm tmp/a_dlink.reg.c]
  considering line: [gcc -D__CUDA_ARCH__=200 -E -x c++           -DCUDA_DOUBLE_MATH_FUNCTIONS  -D__CUDACC__ -D__NVCC__  "-I/usr/local/cuda-8.0/bin/../targets/x86_64-linux/include"   -D"__CUDACC_VER__=80061" -D"__CUDACC_VER_BUILD__=61" -D"__CUDACC_VER_MINOR__=0" -D"__CUDACC_VER_MAJOR__=8" -include "cuda_runtime.h" -m64 "CMakeCUDACompilerId.cu" > "tmp/CMakeCUDACompilerId.cpp1.ii" ]
  considering line: [cudafe --allow_managed --m64 --gnu_version=40805 -tused --no_remove_unneeded_entities  --gen_c_file_name "tmp/CMakeCUDACompilerId.cudafe1.c" --stub_file_name "tmp/CMakeCUDACompilerId.cudafe1.stub.c" --gen_device_file_name "tmp/CMakeCUDACompilerId.cudafe1.gpu" --nv_arch "compute_20" --gen_module_id_file --module_id_file_name "tmp/CMakeCUDACompilerId.module_id" --include_file_name "CMakeCUDACompilerId.fatbin.c" "tmp/CMakeCUDACompilerId.cpp1.ii" ]
  considering line: [gcc -E -x c++ -D__CUDACC__ -D__NVCC__  "-I/usr/local/cuda-8.0/bin/../targets/x86_64-linux/include"   -D"__CUDACC_VER__=80061" -D"__CUDACC_VER_BUILD__=61" -D"__CUDACC_VER_MINOR__=0" -D"__CUDACC_VER_MAJOR__=8" -include "cuda_runtime.h" -m64 "CMakeCUDACompilerId.cu" > "tmp/CMakeCUDACompilerId.cpp4.ii" ]
  considering line: [cudafe++ --allow_managed --m64 --gnu_version=40805 --parse_templates  --gen_c_file_name "tmp/CMakeCUDACompilerId.cudafe1.cpp" --stub_file_name "CMakeCUDACompilerId.cudafe1.stub.c" --module_id_file_name "tmp/CMakeCUDACompilerId.module_id" "tmp/CMakeCUDACompilerId.cpp4.ii" ]
  considering line: [gcc -D__CUDA_ARCH__=200 -E -x c           -DCUDA_DOUBLE_MATH_FUNCTIONS  -D__CUDACC__ -D__NVCC__ -D__CUDANVVM__  -D__CUDA_FTZ=0 -D__CUDA_PREC_DIV=1 -D__CUDA_PREC_SQRT=1 "-I/usr/local/cuda-8.0/bin/../targets/x86_64-linux/include"   -m64 "tmp/CMakeCUDACompilerId.cudafe1.gpu" > "tmp/CMakeCUDACompilerId.cpp2.i" ]
  considering line: [cudafe -w --allow_managed --m64 --gnu_version=40805 --c  --gen_c_file_name "tmp/CMakeCUDACompilerId.cudafe2.c" --stub_file_name "tmp/CMakeCUDACompilerId.cudafe2.stub.c" --gen_device_file_name "tmp/CMakeCUDACompilerId.cudafe2.gpu" --nv_arch "compute_20" --module_id_file_name "tmp/CMakeCUDACompilerId.module_id" --include_file_name "CMakeCUDACompilerId.fatbin.c" "tmp/CMakeCUDACompilerId.cpp2.i" ]
  considering line: [gcc -D__CUDA_ARCH__=200 -E -x c           -DCUDA_DOUBLE_MATH_FUNCTIONS  -D__CUDABE__ -D__CUDANVVM__ -D__USE_FAST_MATH__=0  -D__CUDA_FTZ=0 -D__CUDA_PREC_DIV=1 -D__CUDA_PREC_SQRT=1 "-I/usr/local/cuda-8.0/bin/../targets/x86_64-linux/include"   -m64 "tmp/CMakeCUDACompilerId.cudafe2.gpu" > "tmp/CMakeCUDACompilerId.cpp3.i" ]
  considering line: [cicc  -arch compute_20 -m64 -ftz=0 -prec_div=1 -prec_sqrt=1 -fmad=1 -nvvmir-library "/usr/local/cuda-8.0/bin/../nvvm/libdevice/libdevice.compute_20.10.bc" --orig_src_file_name "CMakeCUDACompilerId.cu"  "tmp/CMakeCUDACompilerId.cpp3.i" -o "tmp/CMakeCUDACompilerId.ptx"]
  considering line: [ptxas  -arch=sm_20 -m64  "tmp/CMakeCUDACompilerId.ptx"  -o "tmp/CMakeCUDACompilerId.sm_20.cubin" ]
  considering line: [fatbinary --create="tmp/CMakeCUDACompilerId.fatbin" -64 "--image=profile=sm_20,file=tmp/CMakeCUDACompilerId.sm_20.cubin" "--image=profile=compute_20,file=tmp/CMakeCUDACompilerId.ptx" --embedded-fatbin="tmp/CMakeCUDACompilerId.fatbin.c" --cuda]
  considering line: [gcc -D__CUDA_ARCH__=200 -E -x c++           -DCUDA_DOUBLE_MATH_FUNCTIONS  -D__USE_FAST_MATH__=0  -D__CUDA_FTZ=0 -D__CUDA_PREC_DIV=1 -D__CUDA_PREC_SQRT=1 "-I/usr/local/cuda-8.0/bin/../targets/x86_64-linux/include"   -m64 "tmp/CMakeCUDACompilerId.cudafe1.cpp" > "tmp/CMakeCUDACompilerId.cu.cpp.ii" ]
  considering line: [gcc -c -x c++ "-I/usr/local/cuda-8.0/bin/../targets/x86_64-linux/include"   -fpreprocessed -m64 -o "tmp/CMakeCUDACompilerId.o" "tmp/CMakeCUDACompilerId.cu.cpp.ii" ]
  considering line: [nvlink --arch=sm_20 --register-link-binaries="tmp/a_dlink.reg.c" -m64   "-L/usr/local/cuda-8.0/bin/../targets/x86_64-linux/lib/stubs" "-L/usr/local/cuda-8.0/bin/../targets/x86_64-linux/lib" -cpu-arch=X86_64 "tmp/CMakeCUDACompilerId.o"  -o "tmp/a_dlink.sm_20.cubin"]
    ignoring nvlink line
  considering line: [fatbinary --create="tmp/a_dlink.fatbin" -64 -link "--image=profile=sm_20,file=tmp/a_dlink.sm_20.cubin" --embedded-fatbin="tmp/a_dlink.fatbin.c" ]
  considering line: [gcc -c -x c++ -DFATBINFILE="\"tmp/a_dlink.fatbin.c\"" -DREGISTERLINKBINARYFILE="\"tmp/a_dlink.reg.c\"" -I. "-I/usr/local/cuda-8.0/bin/../targets/x86_64-linux/include"   -D"__CUDACC_VER__=80061" -D"__CUDACC_VER_BUILD__=61" -D"__CUDACC_VER_MINOR__=0" -D"__CUDACC_VER_MAJOR__=8" -m64 -o "tmp/a_dlink.o" "/usr/local/cuda-8.0/bin/crt/link.stub" ]
  considering line: [g++ -m64 -o "a.out" -Wl,--start-group "tmp/a_dlink.o" "tmp/CMakeCUDACompilerId.o"   "-L/usr/local/cuda-8.0/bin/../targets/x86_64-linux/lib/stubs" "-L/usr/local/cuda-8.0/bin/../targets/x86_64-linux/lib" -lcudadevrt  -lcudart_static  -lrt -lpthread  -ldl  -Wl,--end-group ]
    extracted link line: [g++ -m64 -o "a.out" -Wl,--start-group "tmp/a_dlink.o" "tmp/CMakeCUDACompilerId.o"   "-L/usr/local/cuda-8.0/bin/../targets/x86_64-linux/lib/stubs" "-L/usr/local/cuda-8.0/bin/../targets/x86_64-linux/lib" -lcudadevrt  -lcudart_static  -lrt -lpthread  -ldl  -Wl,--end-group ]
  considering line: []
  extracted link launcher name: [g++]
  found link launcher absolute path: [/usr/bin/g++]
  found 'INCLUDES=' string: ["-I/usr/local/cuda-8.0/bin/../targets/x86_64-linux/include"  ]

  link line regex: [^( *|.*[/\])(ld|CMAKE_LINK_STARTFILE-NOTFOUND|([^/\]+-)?ld|collect2)[^/\]*( |$)]
  link line: [cuda-fake-ld g++ -m64 -o "a.out" -Wl,--start-group "tmp/a_dlink.o" "tmp/CMakeCUDACompilerId.o"   "-L/usr/local/cuda-8.0/bin/../targets/x86_64-linux/lib/stubs" "-L/usr/local/cuda-8.0/bin/../targets/x86_64-linux/lib" -lcudadevrt  -lcudart_static  -lrt -lpthread  -ldl  -Wl,--end-group ]
    arg [cuda-fake-ld] ==> ignore
    arg [g++] ==> ignore
    arg [-m64] ==> ignore
    arg [-o] ==> ignore
    arg [a.out] ==> ignore
    arg [-Wl,--start-group] ==> ignore
    arg [tmp/a_dlink.o] ==> ignore
    arg [tmp/CMakeCUDACompilerId.o] ==> ignore
    arg [-L/usr/local/cuda-8.0/bin/../targets/x86_64-linux/lib/stubs] ==> dir [/usr/local/cuda-8.0/bin/../targets/x86_64-linux/lib/stubs]
    arg [-L/usr/local/cuda-8.0/bin/../targets/x86_64-linux/lib] ==> dir [/usr/local/cuda-8.0/bin/../targets/x86_64-linux/lib]
    arg [-lcudadevrt] ==> lib [cudadevrt]
    arg [-lcudart_static] ==> lib [cudart_static]
    arg [-lrt] ==> lib [rt]
    arg [-lpthread] ==> lib [pthread]
    arg [-ldl] ==> lib [dl]
    arg [-Wl,--end-group] ==> ignore
  collapse library dir [/usr/local/cuda-8.0/bin/../targets/x86_64-linux/lib/stubs] ==> [/usr/local/cuda-8.0/targets/x86_64-linux/lib/stubs]
  collapse library dir [/usr/local/cuda-8.0/bin/../targets/x86_64-linux/lib] ==> [/usr/local/cuda-8.0/targets/x86_64-linux/lib]
  implicit libs: [cudadevrt;cudart_static;rt;pthread;dl]
  implicit dirs: [/usr/local/cuda-8.0/targets/x86_64-linux/lib/stubs;/usr/local/cuda-8.0/targets/x86_64-linux/lib]
  implicit fwks: []


Determining if the CXX compiler works passed with the following output:
Change Dir: /home/bhagyasyam/exp_tut/cuda_tuts/assignment-3/CMakeFiles/CMakeTmp

Run Build Command:"/usr/bin/make" "cmTC_62e7d/fast"
/usr/bin/make -f CMakeFiles/cmTC_62e7d.dir/build.make CMakeFiles/cmTC_62e7d.dir/build
make[1]: Entering directory `/home/bhagyasyam/exp_tut/cuda_tuts/assignment-3/CMakeFiles/CMakeTmp'
Building CXX object CMakeFiles/cmTC_62e7d.dir/testCXXCompiler.cxx.o
/usr/bin/c++     -o CMakeFiles/cmTC_62e7d.dir/testCXXCompiler.cxx.o -c /home/bhagyasyam/exp_tut/cuda_tuts/assignment-3/CMakeFiles/CMakeTmp/testCXXCompiler.cxx
Linking CXX executable cmTC_62e7d
/usr/local/bin/cmake -E cmake_link_script CMakeFiles/cmTC_62e7d.dir/link.txt --verbose=1
/usr/bin/c++       CMakeFiles/cmTC_62e7d.dir/testCXXCompiler.cxx.o  -o cmTC_62e7d 
make[1]: Leaving directory `/home/bhagyasyam/exp_tut/cuda_tuts/assignment-3/CMakeFiles/CMakeTmp'


Detecting CXX compiler ABI info compiled with the following output:
Change Dir: /home/bhagyasyam/exp_tut/cuda_tuts/assignment-3/CMakeFiles/CMakeTmp

Run Build Command:"/usr/bin/make" "cmTC_70b5c/fast"
/usr/bin/make -f CMakeFiles/cmTC_70b5c.dir/build.make CMakeFiles/cmTC_70b5c.dir/build
make[1]: Entering directory `/home/bhagyasyam/exp_tut/cuda_tuts/assignment-3/CMakeFiles/CMakeTmp'
Building CXX object CMakeFiles/cmTC_70b5c.dir/CMakeCXXCompilerABI.cpp.o
/usr/bin/c++     -o CMakeFiles/cmTC_70b5c.dir/CMakeCXXCompilerABI.cpp.o -c /usr/local/share/cmake-3.10/Modules/CMakeCXXCompilerABI.cpp
Linking CXX executable cmTC_70b5c
/usr/local/bin/cmake -E cmake_link_script CMakeFiles/cmTC_70b5c.dir/link.txt --verbose=1
/usr/bin/c++      -v CMakeFiles/cmTC_70b5c.dir/CMakeCXXCompilerABI.cpp.o  -o cmTC_70b5c 
Using built-in specs.
COLLECT_GCC=/usr/bin/c++
COLLECT_LTO_WRAPPER=/usr/lib/gcc/x86_64-linux-gnu/4.8/lto-wrapper
Target: x86_64-linux-gnu
Configured with: ../src/configure -v --with-pkgversion='Ubuntu 4.8.5-2ubuntu1~14.04.1' --with-bugurl=file:///usr/share/doc/gcc-4.8/README.Bugs --enable-languages=c,c++,java,go,d,fortran,objc,obj-c++ --prefix=/usr --program-suffix=-4.8 --enable-shared --enable-linker-build-id --libexecdir=/usr/lib --without-included-gettext --enable-threads=posix --with-gxx-include-dir=/usr/include/c++/4.8 --libdir=/usr/lib --enable-nls --with-sysroot=/ --enable-clocale=gnu --enable-libstdcxx-debug --enable-libstdcxx-time=yes --enable-gnu-unique-object --disable-libmudflap --enable-plugin --with-system-zlib --disable-browser-plugin --enable-java-awt=gtk --enable-gtk-cairo --with-java-home=/usr/lib/jvm/java-1.5.0-gcj-4.8-amd64/jre --enable-java-home --with-jvm-root-dir=/usr/lib/jvm/java-1.5.0-gcj-4.8-amd64 --with-jvm-jar-dir=/usr/lib/jvm-exports/java-1.5.0-gcj-4.8-amd64 --with-arch-directory=amd64 --with-ecj-jar=/usr/share/java/eclipse-ecj.jar --enable-objc-gc --enable-multiarch --disable-werror --with-arch-32=i686 --with-abi=m64 --with-multilib-list=m32,m64,mx32 --with-tune=generic --enable-checking=release --build=x86_64-linux-gnu --host=x86_64-linux-gnu --target=x86_64-linux-gnu
Thread model: posix
gcc version 4.8.5 (Ubuntu 4.8.5-2ubuntu1~14.04.1) 
COMPILER_PATH=/usr/lib/gcc/x86_64-linux-gnu/4.8/:/usr/lib/gcc/x86_64-linux-gnu/4.8/:/usr/lib/gcc/x86_64-linux-gnu/:/usr/lib/gcc/x86_64-linux-gnu/4.8/:/usr/lib/gcc/x86_64-linux-gnu/
LIBRARY_PATH=/usr/lib/gcc/x86_64-linux-gnu/4.8/:/usr/lib/gcc/x86_64-linux-gnu/4.8/../../../x86_64-linux-gnu/:/usr/lib/gcc/x86_64-linux-gnu/4.8/../../../../lib/:/lib/x86_64-linux-gnu/:/lib/../lib/:/usr/lib/x86_64-linux-gnu/:/usr/lib/../lib/:/usr/lib/gcc/x86_64-linux-gnu/4.8/../../../:/lib/:/usr/lib/
COLLECT_GCC_OPTIONS='-v' '-o' 'cmTC_70b5c' '-shared-libgcc' '-mtune=generic' '-march=x86-64'
 /usr/lib/gcc/x86_64-linux-gnu/4.8/collect2 --sysroot=/ --build-id --eh-frame-hdr -m elf_x86_64 --hash-style=gnu --as-needed -dynamic-linker /lib64/ld-linux-x86-64.so.2 -z relro -o cmTC_70b5c /usr/lib/gcc/x86_64-linux-gnu/4.8/../../../x86_64-linux-gnu/crt1.o /usr/lib/gcc/x86_64-linux-gnu/4.8/../../../x86_64-linux-gnu/crti.o /usr/lib/gcc/x86_64-linux-gnu/4.8/crtbegin.o -L/usr/lib/gcc/x86_64-linux-gnu/4.8 -L/usr/lib/gcc/x86_64-linux-gnu/4.8/../../../x86_64-linux-gnu -L/usr/lib/gcc/x86_64-linux-gnu/4.8/../../../../lib -L/lib/x86_64-linux-gnu -L/lib/../lib -L/usr/lib/x86_64-linux-gnu -L/usr/lib/../lib -L/usr/lib/gcc/x86_64-linux-gnu/4.8/../../.. CMakeFiles/cmTC_70b5c.dir/CMakeCXXCompilerABI.cpp.o -lstdc++ -lm -lgcc_s -lgcc -lc -lgcc_s -lgcc /usr/lib/gcc/x86_64-linux-gnu/4.8/crtend.o /usr/lib/gcc/x86_64-linux-gnu/4.8/../../../x86_64-linux-gnu/crtn.o
make[1]: Leaving directory `/home/bhagyasyam/exp_tut/cuda_tuts/assignment-3/CMakeFiles/CMakeTmp'


Parsed CXX implicit link information from above output:
  link line regex: [^( *|.*[/\])(ld|CMAKE_LINK_STARTFILE-NOTFOUND|([^/\]+-)?ld|collect2)[^/\]*( |$)]
  ignore line: [Change Dir: /home/bhagyasyam/exp_tut/cuda_tuts/assignment-3/CMakeFiles/CMakeTmp]
  ignore line: []
  ignore line: [Run Build Command:"/usr/bin/make" "cmTC_70b5c/fast"]
  ignore line: [/usr/bin/make -f CMakeFiles/cmTC_70b5c.dir/build.make CMakeFiles/cmTC_70b5c.dir/build]
  ignore line: [make[1]: Entering directory `/home/bhagyasyam/exp_tut/cuda_tuts/assignment-3/CMakeFiles/CMakeTmp']
  ignore line: [Building CXX object CMakeFiles/cmTC_70b5c.dir/CMakeCXXCompilerABI.cpp.o]
  ignore line: [/usr/bin/c++     -o CMakeFiles/cmTC_70b5c.dir/CMakeCXXCompilerABI.cpp.o -c /usr/local/share/cmake-3.10/Modules/CMakeCXXCompilerABI.cpp]
  ignore line: [Linking CXX executable cmTC_70b5c]
  ignore line: [/usr/local/bin/cmake -E cmake_link_script CMakeFiles/cmTC_70b5c.dir/link.txt --verbose=1]
  ignore line: [/usr/bin/c++      -v CMakeFiles/cmTC_70b5c.dir/CMakeCXXCompilerABI.cpp.o  -o cmTC_70b5c ]
  ignore line: [Using built-in specs.]
  ignore line: [COLLECT_GCC=/usr/bin/c++]
  ignore line: [COLLECT_LTO_WRAPPER=/usr/lib/gcc/x86_64-linux-gnu/4.8/lto-wrapper]
  ignore line: [Target: x86_64-linux-gnu]
  ignore line: [Configured with: ../src/configure -v --with-pkgversion='Ubuntu 4.8.5-2ubuntu1~14.04.1' --with-bugurl=file:///usr/share/doc/gcc-4.8/README.Bugs --enable-languages=c,c++,java,go,d,fortran,objc,obj-c++ --prefix=/usr --program-suffix=-4.8 --enable-shared --enable-linker-build-id --libexecdir=/usr/lib --without-included-gettext --enable-threads=posix --with-gxx-include-dir=/usr/include/c++/4.8 --libdir=/usr/lib --enable-nls --with-sysroot=/ --enable-clocale=gnu --enable-libstdcxx-debug --enable-libstdcxx-time=yes --enable-gnu-unique-object --disable-libmudflap --enable-plugin --with-system-zlib --disable-browser-plugin --enable-java-awt=gtk --enable-gtk-cairo --with-java-home=/usr/lib/jvm/java-1.5.0-gcj-4.8-amd64/jre --enable-java-home --with-jvm-root-dir=/usr/lib/jvm/java-1.5.0-gcj-4.8-amd64 --with-jvm-jar-dir=/usr/lib/jvm-exports/java-1.5.0-gcj-4.8-amd64 --with-arch-directory=amd64 --with-ecj-jar=/usr/share/java/eclipse-ecj.jar --enable-objc-gc --enable-multiarch --disable-werror --with-arch-32=i686 --with-abi=m64 --with-multilib-list=m32,m64,mx32 --with-tune=generic --enable-checking=release --build=x86_64-linux-gnu --host=x86_64-linux-gnu --target=x86_64-linux-gnu]
  ignore line: [Thread model: posix]
  ignore line: [gcc version 4.8.5 (Ubuntu 4.8.5-2ubuntu1~14.04.1) ]
  ignore line: [COMPILER_PATH=/usr/lib/gcc/x86_64-linux-gnu/4.8/:/usr/lib/gcc/x86_64-linux-gnu/4.8/:/usr/lib/gcc/x86_64-linux-gnu/:/usr/lib/gcc/x86_64-linux-gnu/4.8/:/usr/lib/gcc/x86_64-linux-gnu/]
  ignore line: [LIBRARY_PATH=/usr/lib/gcc/x86_64-linux-gnu/4.8/:/usr/lib/gcc/x86_64-linux-gnu/4.8/../../../x86_64-linux-gnu/:/usr/lib/gcc/x86_64-linux-gnu/4.8/../../../../lib/:/lib/x86_64-linux-gnu/:/lib/../lib/:/usr/lib/x86_64-linux-gnu/:/usr/lib/../lib/:/usr/lib/gcc/x86_64-linux-gnu/4.8/../../../:/lib/:/usr/lib/]
  ignore line: [COLLECT_GCC_OPTIONS='-v' '-o' 'cmTC_70b5c' '-shared-libgcc' '-mtune=generic' '-march=x86-64']
  link line: [ /usr/lib/gcc/x86_64-linux-gnu/4.8/collect2 --sysroot=/ --build-id --eh-frame-hdr -m elf_x86_64 --hash-style=gnu --as-needed -dynamic-linker /lib64/ld-linux-x86-64.so.2 -z relro -o cmTC_70b5c /usr/lib/gcc/x86_64-linux-gnu/4.8/../../../x86_64-linux-gnu/crt1.o /usr/lib/gcc/x86_64-linux-gnu/4.8/../../../x86_64-linux-gnu/crti.o /usr/lib/gcc/x86_64-linux-gnu/4.8/crtbegin.o -L/usr/lib/gcc/x86_64-linux-gnu/4.8 -L/usr/lib/gcc/x86_64-linux-gnu/4.8/../../../x86_64-linux-gnu -L/usr/lib/gcc/x86_64-linux-gnu/4.8/../../../../lib -L/lib/x86_64-linux-gnu -L/lib/../lib -L/usr/lib/x86_64-linux-gnu -L/usr/lib/../lib -L/usr/lib/gcc/x86_64-linux-gnu/4.8/../../.. CMakeFiles/cmTC_70b5c.dir/CMakeCXXCompilerABI.cpp.o -lstdc++ -lm -lgcc_s -lgcc -lc -lgcc_s -lgcc /usr/lib/gcc/x86_64-linux-gnu/4.8/crtend.o /usr/lib/gcc/x86_64-linux-gnu/4.8/../../../x86_64-linux-gnu/crtn.o]
    arg [/usr/lib/gcc/x86_64-linux-gnu/4.8/collect2] ==> ignore
    arg [--sysroot=/] ==> ignore
    arg [--build-id] ==> ignore
    arg [--eh-frame-hdr] ==> ignore
    arg [-m] ==> ignore
    arg [elf_x86_64] ==> ignore
    arg [--hash-style=gnu] ==> ignore
    arg [--as-needed] ==> ignore
    arg [-dynamic-linker] ==> ignore
    arg [/lib64/ld-linux-x86-64.so.2] ==> ignore
    arg [-zrelro] ==> ignore
    arg [-o] ==> ignore
    arg [cmTC_70b5c] ==> ignore
    arg [/usr/lib/gcc/x86_64-linux-gnu/4.8/../../../x86_64-linux-gnu/crt1.o] ==> ignore
    arg [/usr/lib/gcc/x86_64-linux-gnu/4.8/../../../x86_64-linux-gnu/crti.o] ==> ignore
    arg [/usr/lib/gcc/x86_64-linux-gnu/4.8/crtbegin.o] ==> ignore
    arg [-L/usr/lib/gcc/x86_64-linux-gnu/4.8] ==> dir [/usr/lib/gcc/x86_64-linux-gnu/4.8]
    arg [-L/usr/lib/gcc/x86_64-linux-gnu/4.8/../../../x86_64-linux-gnu] ==> dir [/usr/lib/gcc/x86_64-linux-gnu/4.8/../../../x86_64-linux-gnu]
    arg [-L/usr/lib/gcc/x86_64-linux-gnu/4.8/../../../../lib] ==> dir [/usr/lib/gcc/x86_64-linux-gnu/4.8/../../../../lib]
    arg [-L/lib/x86_64-linux-gnu] ==> dir [/lib/x86_64-linux-gnu]
    arg [-L/lib/../lib] ==> dir [/lib/../lib]
    arg [-L/usr/lib/x86_64-linux-gnu] ==> dir [/usr/lib/x86_64-linux-gnu]
    arg [-L/usr/lib/../lib] ==> dir [/usr/lib/../lib]
    arg [-L/usr/lib/gcc/x86_64-linux-gnu/4.8/../../..] ==> dir [/usr/lib/gcc/x86_64-linux-gnu/4.8/../../..]
    arg [CMakeFiles/cmTC_70b5c.dir/CMakeCXXCompilerABI.cpp.o] ==> ignore
    arg [-lstdc++] ==> lib [stdc++]
    arg [-lm] ==> lib [m]
    arg [-lgcc_s] ==> lib [gcc_s]
    arg [-lgcc] ==> lib [gcc]
    arg [-lc] ==> lib [c]
    arg [-lgcc_s] ==> lib [gcc_s]
    arg [-lgcc] ==> lib [gcc]
    arg [/usr/lib/gcc/x86_64-linux-gnu/4.8/crtend.o] ==> ignore
    arg [/usr/lib/gcc/x86_64-linux-gnu/4.8/../../../x86_64-linux-gnu/crtn.o] ==> ignore
  collapse library dir [/usr/lib/gcc/x86_64-linux-gnu/4.8] ==> [/usr/lib/gcc/x86_64-linux-gnu/4.8]
  collapse library dir [/usr/lib/gcc/x86_64-linux-gnu/4.8/../../../x86_64-linux-gnu] ==> [/usr/lib/x86_64-linux-gnu]
  collapse library dir [/usr/lib/gcc/x86_64-linux-gnu/4.8/../../../../lib] ==> [/usr/lib]
  collapse library dir [/lib/x86_64-linux-gnu] ==> [/lib/x86_64-linux-gnu]
  collapse library dir [/lib/../lib] ==> [/lib]
  collapse library dir [/usr/lib/x86_64-linux-gnu] ==> [/usr/lib/x86_64-linux-gnu]
  collapse library dir [/usr/lib/../lib] ==> [/usr/lib]
  collapse library dir [/usr/lib/gcc/x86_64-linux-gnu/4.8/../../..] ==> [/usr/lib]
  implicit libs: [stdc++;m;gcc_s;gcc;c;gcc_s;gcc]
  implicit dirs: [/usr/lib/gcc/x86_64-linux-gnu/4.8;/usr/lib/x86_64-linux-gnu;/usr/lib;/lib/x86_64-linux-gnu;/lib]
  implicit fwks: []




Detecting CXX [-std=c++1y] compiler features compiled with the following output:
Change Dir: /home/bhagyasyam/exp_tut/cuda_tuts/assignment-3/CMakeFiles/CMakeTmp

Run Build Command:"/usr/bin/make" "cmTC_8bd95/fast"
/usr/bin/make -f CMakeFiles/cmTC_8bd95.dir/build.make CMakeFiles/cmTC_8bd95.dir/build
make[1]: Entering directory `/home/bhagyasyam/exp_tut/cuda_tuts/assignment-3/CMakeFiles/CMakeTmp'
Building CXX object CMakeFiles/cmTC_8bd95.dir/feature_tests.cxx.o
/usr/bin/c++    -std=c++1y -o CMakeFiles/cmTC_8bd95.dir/feature_tests.cxx.o -c /home/bhagyasyam/exp_tut/cuda_tuts/assignment-3/CMakeFiles/feature_tests.cxx
Linking CXX executable cmTC_8bd95
/usr/local/bin/cmake -E cmake_link_script CMakeFiles/cmTC_8bd95.dir/link.txt --verbose=1
/usr/bin/c++       CMakeFiles/cmTC_8bd95.dir/feature_tests.cxx.o  -o cmTC_8bd95 
make[1]: Leaving directory `/home/bhagyasyam/exp_tut/cuda_tuts/assignment-3/CMakeFiles/CMakeTmp'


    Feature record: CXX_FEATURE:0cxx_aggregate_default_initializers
    Feature record: CXX_FEATURE:1cxx_alias_templates
    Feature record: CXX_FEATURE:1cxx_alignas
    Feature record: CXX_FEATURE:1cxx_alignof
    Feature record: CXX_FEATURE:1cxx_attributes
    Feature record: CXX_FEATURE:0cxx_attribute_deprecated
    Feature record: CXX_FEATURE:1cxx_auto_type
    Feature record: CXX_FEATURE:0cxx_binary_literals
    Feature record: CXX_FEATURE:1cxx_constexpr
    Feature record: CXX_FEATURE:0cxx_contextual_conversions
    Feature record: CXX_FEATURE:1cxx_decltype
    Feature record: CXX_FEATURE:0cxx_decltype_auto
    Feature record: CXX_FEATURE:1cxx_decltype_incomplete_return_types
    Feature record: CXX_FEATURE:1cxx_default_function_template_args
    Feature record: CXX_FEATURE:1cxx_defaulted_functions
    Feature record: CXX_FEATURE:1cxx_defaulted_move_initializers
    Feature record: CXX_FEATURE:1cxx_delegating_constructors
    Feature record: CXX_FEATURE:1cxx_deleted_functions
    Feature record: CXX_FEATURE:0cxx_digit_separators
    Feature record: CXX_FEATURE:1cxx_enum_forward_declarations
    Feature record: CXX_FEATURE:1cxx_explicit_conversions
    Feature record: CXX_FEATURE:1cxx_extended_friend_declarations
    Feature record: CXX_FEATURE:1cxx_extern_templates
    Feature record: CXX_FEATURE:1cxx_final
    Feature record: CXX_FEATURE:1cxx_func_identifier
    Feature record: CXX_FEATURE:1cxx_generalized_initializers
    Feature record: CXX_FEATURE:0cxx_generic_lambdas
    Feature record: CXX_FEATURE:1cxx_inheriting_constructors
    Feature record: CXX_FEATURE:1cxx_inline_namespaces
    Feature record: CXX_FEATURE:1cxx_lambdas
    Feature record: CXX_FEATURE:0cxx_lambda_init_captures
    Feature record: CXX_FEATURE:1cxx_local_type_template_args
    Feature record: CXX_FEATURE:1cxx_long_long_type
    Feature record: CXX_FEATURE:1cxx_noexcept
    Feature record: CXX_FEATURE:1cxx_nonstatic_member_init
    Feature record: CXX_FEATURE:1cxx_nullptr
    Feature record: CXX_FEATURE:1cxx_override
    Feature record: CXX_FEATURE:1cxx_range_for
    Feature record: CXX_FEATURE:1cxx_raw_string_literals
    Feature record: CXX_FEATURE:1cxx_reference_qualified_functions
    Feature record: CXX_FEATURE:0cxx_relaxed_constexpr
    Feature record: CXX_FEATURE:0cxx_return_type_deduction
    Feature record: CXX_FEATURE:1cxx_right_angle_brackets
    Feature record: CXX_FEATURE:1cxx_rvalue_references
    Feature record: CXX_FEATURE:1cxx_sizeof_member
    Feature record: CXX_FEATURE:1cxx_static_assert
    Feature record: CXX_FEATURE:1cxx_strong_enums
    Feature record: CXX_FEATURE:1cxx_template_template_parameters
    Feature record: CXX_FEATURE:1cxx_thread_local
    Feature record: CXX_FEATURE:1cxx_trailing_return_types
    Feature record: CXX_FEATURE:1cxx_unicode_literals
    Feature record: CXX_FEATURE:1cxx_uniform_initialization
    Feature record: CXX_FEATURE:1cxx_unrestricted_unions
    Feature record: CXX_FEATURE:1cxx_user_literals
    Feature record: CXX_FEATURE:0cxx_variable_templates
    Feature record: CXX_FEATURE:1cxx_variadic_macros
    Feature record: CXX_FEATURE:1cxx_variadic_templates


Detecting CXX [-std=c++11] compiler features compiled with the following output:
Change Dir: /home/bhagyasyam/exp_tut/cuda_tuts/assignment-3/CMakeFiles/CMakeTmp

Run Build Command:"/usr/bin/make" "cmTC_8baa2/fast"
/usr/bin/make -f CMakeFiles/cmTC_8baa2.dir/build.make CMakeFiles/cmTC_8baa2.dir/build
make[1]: Entering directory `/home/bhagyasyam/exp_tut/cuda_tuts/assignment-3/CMakeFiles/CMakeTmp'
Building CXX object CMakeFiles/cmTC_8baa2.dir/feature_tests.cxx.o
/usr/bin/c++    -std=c++11 -o CMakeFiles/cmTC_8baa2.dir/feature_tests.cxx.o -c /home/bhagyasyam/exp_tut/cuda_tuts/assignment-3/CMakeFiles/feature_tests.cxx
Linking CXX executable cmTC_8baa2
/usr/local/bin/cmake -E cmake_link_script CMakeFiles/cmTC_8baa2.dir/link.txt --verbose=1
/usr/bin/c++       CMakeFiles/cmTC_8baa2.dir/feature_tests.cxx.o  -o cmTC_8baa2 
make[1]: Leaving directory `/home/bhagyasyam/exp_tut/cuda_tuts/assignment-3/CMakeFiles/CMakeTmp'


    Feature record: CXX_FEATURE:0cxx_aggregate_default_initializers
    Feature record: CXX_FEATURE:1cxx_alias_templates
    Feature record: CXX_FEATURE:1cxx_alignas
    Feature record: CXX_FEATURE:1cxx_alignof
    Feature record: CXX_FEATURE:1cxx_attributes
    Feature record: CXX_FEATURE:0cxx_attribute_deprecated
    Feature record: CXX_FEATURE:1cxx_auto_type
    Feature record: CXX_FEATURE:0cxx_binary_literals
    Feature record: CXX_FEATURE:1cxx_constexpr
    Feature record: CXX_FEATURE:0cxx_contextual_conversions
    Feature record: CXX_FEATURE:1cxx_decltype
    Feature record: CXX_FEATURE:0cxx_decltype_auto
    Feature record: CXX_FEATURE:1cxx_decltype_incomplete_return_types
    Feature record: CXX_FEATURE:1cxx_default_function_template_args
    Feature record: CXX_FEATURE:1cxx_defaulted_functions
    Feature record: CXX_FEATURE:1cxx_defaulted_move_initializers
    Feature record: CXX_FEATURE:1cxx_delegating_constructors
    Feature record: CXX_FEATURE:1cxx_deleted_functions
    Feature record: CXX_FEATURE:0cxx_digit_separators
    Feature record: CXX_FEATURE:1cxx_enum_forward_declarations
    Feature record: CXX_FEATURE:1cxx_explicit_conversions
    Feature record: CXX_FEATURE:1cxx_extended_friend_declarations
    Feature record: CXX_FEATURE:1cxx_extern_templates
    Feature record: CXX_FEATURE:1cxx_final
    Feature record: CXX_FEATURE:1cxx_func_identifier
    Feature record: CXX_FEATURE:1cxx_generalized_initializers
    Feature record: CXX_FEATURE:0cxx_generic_lambdas
    Feature record: CXX_FEATURE:1cxx_inheriting_constructors
    Feature record: CXX_FEATURE:1cxx_inline_namespaces
    Feature record: CXX_FEATURE:1cxx_lambdas
    Feature record: CXX_FEATURE:0cxx_lambda_init_captures
    Feature record: CXX_FEATURE:1cxx_local_type_template_args
    Feature record: CXX_FEATURE:1cxx_long_long_type
    Feature record: CXX_FEATURE:1cxx_noexcept
    Feature record: CXX_FEATURE:1cxx_nonstatic_member_init
    Feature record: CXX_FEATURE:1cxx_nullptr
    Feature record: CXX_FEATURE:1cxx_override
    Feature record: CXX_FEATURE:1cxx_range_for
    Feature record: CXX_FEATURE:1cxx_raw_string_literals
    Feature record: CXX_FEATURE:1cxx_reference_qualified_functions
    Feature record: CXX_FEATURE:0cxx_relaxed_constexpr
    Feature record: CXX_FEATURE:0cxx_return_type_deduction
    Feature record: CXX_FEATURE:1cxx_right_angle_brackets
    Feature record: CXX_FEATURE:1cxx_rvalue_references
    Feature record: CXX_FEATURE:1cxx_sizeof_member
    Feature record: CXX_FEATURE:1cxx_static_assert
    Feature record: CXX_FEATURE:1cxx_strong_enums
    Feature record: CXX_FEATURE:1cxx_template_template_parameters
    Feature record: CXX_FEATURE:1cxx_thread_local
    Feature record: CXX_FEATURE:1cxx_trailing_return_types
    Feature record: CXX_FEATURE:1cxx_unicode_literals
    Feature record: CXX_FEATURE:1cxx_uniform_initialization
    Feature record: CXX_FEATURE:1cxx_unrestricted_unions
    Feature record: CXX_FEATURE:1cxx_user_literals
    Feature record: CXX_FEATURE:0cxx_variable_templates
    Feature record: CXX_FEATURE:1cxx_variadic_macros
    Feature record: CXX_FEATURE:1cxx_variadic_templates


Detecting CXX [-std=c++98] compiler features compiled with the following output:
Change Dir: /home/bhagyasyam/exp_tut/cuda_tuts/assignment-3/CMakeFiles/CMakeTmp

Run Build Command:"/usr/bin/make" "cmTC_fce24/fast"
/usr/bin/make -f CMakeFiles/cmTC_fce24.dir/build.make CMakeFiles/cmTC_fce24.dir/build
make[1]: Entering directory `/home/bhagyasyam/exp_tut/cuda_tuts/assignment-3/CMakeFiles/CMakeTmp'
Building CXX object CMakeFiles/cmTC_fce24.dir/feature_tests.cxx.o
/usr/bin/c++    -std=c++98 -o CMakeFiles/cmTC_fce24.dir/feature_tests.cxx.o -c /home/bhagyasyam/exp_tut/cuda_tuts/assignment-3/CMakeFiles/feature_tests.cxx
Linking CXX executable cmTC_fce24
/usr/local/bin/cmake -E cmake_link_script CMakeFiles/cmTC_fce24.dir/link.txt --verbose=1
/usr/bin/c++       CMakeFiles/cmTC_fce24.dir/feature_tests.cxx.o  -o cmTC_fce24 
make[1]: Leaving directory `/home/bhagyasyam/exp_tut/cuda_tuts/assignment-3/CMakeFiles/CMakeTmp'


    Feature record: CXX_FEATURE:0cxx_aggregate_default_initializers
    Feature record: CXX_FEATURE:0cxx_alias_templates
    Feature record: CXX_FEATURE:0cxx_alignas
    Feature record: CXX_FEATURE:0cxx_alignof
    Feature record: CXX_FEATURE:0cxx_attributes
    Feature record: CXX_FEATURE:0cxx_attribute_deprecated
    Feature record: CXX_FEATURE:0cxx_auto_type
    Feature record: CXX_FEATURE:0cxx_binary_literals
    Feature record: CXX_FEATURE:0cxx_constexpr
    Feature record: CXX_FEATURE:0cxx_contextual_conversions
    Feature record: CXX_FEATURE:0cxx_decltype
    Feature record: CXX_FEATURE:0cxx_decltype_auto
    Feature record: CXX_FEATURE:0cxx_decltype_incomplete_return_types
    Feature record: CXX_FEATURE:0cxx_default_function_template_args
    Feature record: CXX_FEATURE:0cxx_defaulted_functions
    Feature record: CXX_FEATURE:0cxx_defaulted_move_initializers
    Feature record: CXX_FEATURE:0cxx_delegating_constructors
    Feature record: CXX_FEATURE:0cxx_deleted_functions
    Feature record: CXX_FEATURE:0cxx_digit_separators
    Feature record: CXX_FEATURE:0cxx_enum_forward_declarations
    Feature record: CXX_FEATURE:0cxx_explicit_conversions
    Feature record: CXX_FEATURE:0cxx_extended_friend_declarations
    Feature record: CXX_FEATURE:0cxx_extern_templates
    Feature record: CXX_FEATURE:0cxx_final
    Feature record: CXX_FEATURE:0cxx_func_identifier
    Feature record: CXX_FEATURE:0cxx_generalized_initializers
    Feature record: CXX_FEATURE:0cxx_generic_lambdas
    Feature record: CXX_FEATURE:0cxx_inheriting_constructors
    Feature record: CXX_FEATURE:0cxx_inline_namespaces
    Feature record: CXX_FEATURE:0cxx_lambdas
    Feature record: CXX_FEATURE:0cxx_lambda_init_captures
    Feature record: CXX_FEATURE:0cxx_local_type_template_args
    Feature record: CXX_FEATURE:0cxx_long_long_type
    Feature record: CXX_FEATURE:0cxx_noexcept
    Feature record: CXX_FEATURE:0cxx_nonstatic_member_init
    Feature record: CXX_FEATURE:0cxx_nullptr
    Feature record: CXX_FEATURE:0cxx_override
    Feature record: CXX_FEATURE:0cxx_range_for
    Feature record: CXX_FEATURE:0cxx_raw_string_literals
    Feature record: CXX_FEATURE:0cxx_reference_qualified_functions
    Feature record: CXX_FEATURE:0cxx_relaxed_constexpr
    Feature record: CXX_FEATURE:0cxx_return_type_deduction
    Feature record: CXX_FEATURE:0cxx_right_angle_brackets
    Feature record: CXX_FEATURE:0cxx_rvalue_references
    Feature record: CXX_FEATURE:0cxx_sizeof_member
    Feature record: CXX_FEATURE:0cxx_static_assert
    Feature record: CXX_FEATURE:0cxx_strong_enums
    Feature record: CXX_FEATURE:1cxx_template_template_parameters
    Feature record: CXX_FEATURE:0cxx_thread_local
    Feature record: CXX_FEATURE:0cxx_trailing_return_types
    Feature record: CXX_FEATURE:0cxx_unicode_literals
    Feature record: CXX_FEATURE:0cxx_uniform_initialization
    Feature record: CXX_FEATURE:0cxx_unrestricted_unions
    Feature record: CXX_FEATURE:0cxx_user_literals
    Feature record: CXX_FEATURE:0cxx_variable_templates
    Feature record: CXX_FEATURE:0cxx_variadic_macros
    Feature record: CXX_FEATURE:0cxx_variadic_templates
Determining if the CUDA compiler works passed with the following output:
Change Dir: /home/bhagyasyam/exp_tut/cuda_tuts/assignment-3/CMakeFiles/CMakeTmp

Run Build Command:"/usr/bin/make" "cmTC_374b6/fast"
/usr/bin/make -f CMakeFiles/cmTC_374b6.dir/build.make CMakeFiles/cmTC_374b6.dir/build
make[1]: Entering directory `/home/bhagyasyam/exp_tut/cuda_tuts/assignment-3/CMakeFiles/CMakeTmp'
Building CUDA object CMakeFiles/cmTC_374b6.dir/main.cu.o
/usr/local/cuda-8.0/bin/nvcc     -x cu -c /home/bhagyasyam/exp_tut/cuda_tuts/assignment-3/CMakeFiles/CMakeTmp/main.cu -o CMakeFiles/cmTC_374b6.dir/main.cu.o
nvcc warning : The 'compute_20', 'sm_20', and 'sm_21' architectures are deprecated, and may be removed in a future release (Use -Wno-deprecated-gpu-targets to suppress warning).
Linking CUDA device code CMakeFiles/cmTC_374b6.dir/cmake_device_link.o
/usr/local/bin/cmake -E cmake_link_script CMakeFiles/cmTC_374b6.dir/dlink.txt --verbose=1
/usr/local/cuda-8.0/bin/nvcc     -Xcompiler=-fPIC -Wno-deprecated-gpu-targets -shared -dlink CMakeFiles/cmTC_374b6.dir/main.cu.o -o CMakeFiles/cmTC_374b6.dir/cmake_device_link.o 
Linking CUDA executable cmTC_374b6
/usr/local/bin/cmake -E cmake_link_script CMakeFiles/cmTC_374b6.dir/link.txt --verbose=1
/usr/bin/g++    CMakeFiles/cmTC_374b6.dir/main.cu.o CMakeFiles/cmTC_374b6.dir/cmake_device_link.o -o cmTC_374b6  -L"/usr/local/cuda-8.0/targets/x86_64-linux/lib/stubs" -L"/usr/local/cuda-8.0/targets/x86_64-linux/lib" -lcudadevrt -lcudart_static -lrt -lpthread -ldl
make[1]: Leaving directory `/home/bhagyasyam/exp_tut/cuda_tuts/assignment-3/CMakeFiles/CMakeTmp'


Detecting CUDA compiler ABI info compiled with the following output:
Change Dir: /home/bhagyasyam/exp_tut/cuda_tuts/assignment-3/CMakeFiles/CMakeTmp

Run Build Command:"/usr/bin/make" "cmTC_4f3fb/fast"
/usr/bin/make -f CMakeFiles/cmTC_4f3fb.dir/build.make CMakeFiles/cmTC_4f3fb.dir/build
make[1]: Entering directory `/home/bhagyasyam/exp_tut/cuda_tuts/assignment-3/CMakeFiles/CMakeTmp'
Building CUDA object CMakeFiles/cmTC_4f3fb.dir/CMakeCUDACompilerABI.cu.o
/usr/local/cuda-8.0/bin/nvcc     -x cu -c /usr/local/share/cmake-3.10/Modules/CMakeCUDACompilerABI.cu -o CMakeFiles/cmTC_4f3fb.dir/CMakeCUDACompilerABI.cu.o
nvcc warning : The 'compute_20', 'sm_20', and 'sm_21' architectures are deprecated, and may be removed in a future release (Use -Wno-deprecated-gpu-targets to suppress warning).
Linking CUDA device code CMakeFiles/cmTC_4f3fb.dir/cmake_device_link.o
/usr/local/bin/cmake -E cmake_link_script CMakeFiles/cmTC_4f3fb.dir/dlink.txt --verbose=1
/usr/local/cuda-8.0/bin/nvcc     -Xcompiler=-fPIC -Wno-deprecated-gpu-targets -shared -dlink CMakeFiles/cmTC_4f3fb.dir/CMakeCUDACompilerABI.cu.o -o CMakeFiles/cmTC_4f3fb.dir/cmake_device_link.o 
Linking CUDA executable cmTC_4f3fb
/usr/local/bin/cmake -E cmake_link_script CMakeFiles/cmTC_4f3fb.dir/link.txt --verbose=1
/usr/bin/g++   -v CMakeFiles/cmTC_4f3fb.dir/CMakeCUDACompilerABI.cu.o CMakeFiles/cmTC_4f3fb.dir/cmake_device_link.o -o cmTC_4f3fb  -L"/usr/local/cuda-8.0/targets/x86_64-linux/lib/stubs" -L"/usr/local/cuda-8.0/targets/x86_64-linux/lib" -lcudadevrt -lcudart_static -lrt -lpthread -ldl
Using built-in specs.
COLLECT_GCC=/usr/bin/g++
COLLECT_LTO_WRAPPER=/usr/lib/gcc/x86_64-linux-gnu/4.8/lto-wrapper
Target: x86_64-linux-gnu
Configured with: ../src/configure -v --with-pkgversion='Ubuntu 4.8.5-2ubuntu1~14.04.1' --with-bugurl=file:///usr/share/doc/gcc-4.8/README.Bugs --enable-languages=c,c++,java,go,d,fortran,objc,obj-c++ --prefix=/usr --program-suffix=-4.8 --enable-shared --enable-linker-build-id --libexecdir=/usr/lib --without-included-gettext --enable-threads=posix --with-gxx-include-dir=/usr/include/c++/4.8 --libdir=/usr/lib --enable-nls --with-sysroot=/ --enable-clocale=gnu --enable-libstdcxx-debug --enable-libstdcxx-time=yes --enable-gnu-unique-object --disable-libmudflap --enable-plugin --with-system-zlib --disable-browser-plugin --enable-java-awt=gtk --enable-gtk-cairo --with-java-home=/usr/lib/jvm/java-1.5.0-gcj-4.8-amd64/jre --enable-java-home --with-jvm-root-dir=/usr/lib/jvm/java-1.5.0-gcj-4.8-amd64 --with-jvm-jar-dir=/usr/lib/jvm-exports/java-1.5.0-gcj-4.8-amd64 --with-arch-directory=amd64 --with-ecj-jar=/usr/share/java/eclipse-ecj.jar --enable-objc-gc --enable-multiarch --disable-werror --with-arch-32=i686 --with-abi=m64 --with-multilib-list=m32,m64,mx32 --with-tune=generic --enable-checking=release --build=x86_64-linux-gnu --host=x86_64-linux-gnu --target=x86_64-linux-gnu
Thread model: posix
gcc version 4.8.5 (Ubuntu 4.8.5-2ubuntu1~14.04.1) 
COMPILER_PATH=/usr/lib/gcc/x86_64-linux-gnu/4.8/:/usr/lib/gcc/x86_64-linux-gnu/4.8/:/usr/lib/gcc/x86_64-linux-gnu/:/usr/lib/gcc/x86_64-linux-gnu/4.8/:/usr/lib/gcc/x86_64-linux-gnu/
LIBRARY_PATH=/usr/lib/gcc/x86_64-linux-gnu/4.8/:/usr/lib/gcc/x86_64-linux-gnu/4.8/../../../x86_64-linux-gnu/:/usr/lib/gcc/x86_64-linux-gnu/4.8/../../../../lib/:/lib/x86_64-linux-gnu/:/lib/../lib/:/usr/lib/x86_64-linux-gnu/:/usr/lib/../lib/:/usr/lib/gcc/x86_64-linux-gnu/4.8/../../../:/lib/:/usr/lib/
COLLECT_GCC_OPTIONS='-v' '-o' 'cmTC_4f3fb' '-L/usr/local/cuda-8.0/targets/x86_64-linux/lib/stubs' '-L/usr/local/cuda-8.0/targets/x86_64-linux/lib' '-shared-libgcc' '-mtune=generic' '-march=x86-64'
 /usr/lib/gcc/x86_64-linux-gnu/4.8/collect2 --sysroot=/ --build-id --eh-frame-hdr -m elf_x86_64 --hash-style=gnu --as-needed -dynamic-linker /lib64/ld-linux-x86-64.so.2 -z relro -o cmTC_4f3fb /usr/lib/gcc/x86_64-linux-gnu/4.8/../../../x86_64-linux-gnu/crt1.o /usr/lib/gcc/x86_64-linux-gnu/4.8/../../../x86_64-linux-gnu/crti.o /usr/lib/gcc/x86_64-linux-gnu/4.8/crtbegin.o -L/usr/local/cuda-8.0/targets/x86_64-linux/lib/stubs -L/usr/local/cuda-8.0/targets/x86_64-linux/lib -L/usr/lib/gcc/x86_64-linux-gnu/4.8 -L/usr/lib/gcc/x86_64-linux-gnu/4.8/../../../x86_64-linux-gnu -L/usr/lib/gcc/x86_64-linux-gnu/4.8/../../../../lib -L/lib/x86_64-linux-gnu -L/lib/../lib -L/usr/lib/x86_64-linux-gnu -L/usr/lib/../lib -L/usr/lib/gcc/x86_64-linux-gnu/4.8/../../.. CMakeFiles/cmTC_4f3fb.dir/CMakeCUDACompilerABI.cu.o CMakeFiles/cmTC_4f3fb.dir/cmake_device_link.o -lcudadevrt -lcudart_static -lrt -lpthread -ldl -lstdc++ -lm -lgcc_s -lgcc -lc -lgcc_s -lgcc /usr/lib/gcc/x86_64-linux-gnu/4.8/crtend.o /usr/lib/gcc/x86_64-linux-gnu/4.8/../../../x86_64-linux-gnu/crtn.o
make[1]: Leaving directory `/home/bhagyasyam/exp_tut/cuda_tuts/assignment-3/CMakeFiles/CMakeTmp'


Parsed CUDA implicit link information from above output:
  link line regex: [^( *|.*[/\])(ld|CMAKE_LINK_STARTFILE-NOTFOUND|([^/\]+-)?ld|collect2)[^/\]*( |$)]
  ignore line: [Change Dir: /home/bhagyasyam/exp_tut/cuda_tuts/assignment-3/CMakeFiles/CMakeTmp]
  ignore line: []
  ignore line: [Run Build Command:"/usr/bin/make" "cmTC_4f3fb/fast"]
  ignore line: [/usr/bin/make -f CMakeFiles/cmTC_4f3fb.dir/build.make CMakeFiles/cmTC_4f3fb.dir/build]
  ignore line: [make[1]: Entering directory `/home/bhagyasyam/exp_tut/cuda_tuts/assignment-3/CMakeFiles/CMakeTmp']
  ignore line: [Building CUDA object CMakeFiles/cmTC_4f3fb.dir/CMakeCUDACompilerABI.cu.o]
  ignore line: [/usr/local/cuda-8.0/bin/nvcc     -x cu -c /usr/local/share/cmake-3.10/Modules/CMakeCUDACompilerABI.cu -o CMakeFiles/cmTC_4f3fb.dir/CMakeCUDACompilerABI.cu.o]
  ignore line: [nvcc warning : The 'compute_20', 'sm_20', and 'sm_21' architectures are deprecated, and may be removed in a future release (Use -Wno-deprecated-gpu-targets to suppress warning).]
  ignore line: [Linking CUDA device code CMakeFiles/cmTC_4f3fb.dir/cmake_device_link.o]
  ignore line: [/usr/local/bin/cmake -E cmake_link_script CMakeFiles/cmTC_4f3fb.dir/dlink.txt --verbose=1]
  ignore line: [/usr/local/cuda-8.0/bin/nvcc     -Xcompiler=-fPIC -Wno-deprecated-gpu-targets -shared -dlink CMakeFiles/cmTC_4f3fb.dir/CMakeCUDACompilerABI.cu.o -o CMakeFiles/cmTC_4f3fb.dir/cmake_device_link.o ]
  ignore line: [Linking CUDA executable cmTC_4f3fb]
  ignore line: [/usr/local/bin/cmake -E cmake_link_script CMakeFiles/cmTC_4f3fb.dir/link.txt --verbose=1]
  ignore line: [/usr/bin/g++   -v CMakeFiles/cmTC_4f3fb.dir/CMakeCUDACompilerABI.cu.o CMakeFiles/cmTC_4f3fb.dir/cmake_device_link.o -o cmTC_4f3fb  -L"/usr/local/cuda-8.0/targets/x86_64-linux/lib/stubs" -L"/usr/local/cuda-8.0/targets/x86_64-linux/lib" -lcudadevrt -lcudart_static -lrt -lpthread -ldl]
  ignore line: [Using built-in specs.]
  ignore line: [COLLECT_GCC=/usr/bin/g++]
  ignore line: [COLLECT_LTO_WRAPPER=/usr/lib/gcc/x86_64-linux-gnu/4.8/lto-wrapper]
  ignore line: [Target: x86_64-linux-gnu]
  ignore line: [Configured with: ../src/configure -v --with-pkgversion='Ubuntu 4.8.5-2ubuntu1~14.04.1' --with-bugurl=file:///usr/share/doc/gcc-4.8/README.Bugs --enable-languages=c,c++,java,go,d,fortran,objc,obj-c++ --prefix=/usr --program-suffix=-4.8 --enable-shared --enable-linker-build-id --libexecdir=/usr/lib --without-included-gettext --enable-threads=posix --with-gxx-include-dir=/usr/include/c++/4.8 --libdir=/usr/lib --enable-nls --with-sysroot=/ --enable-clocale=gnu --enable-libstdcxx-debug --enable-libstdcxx-time=yes --enable-gnu-unique-object --disable-libmudflap --enable-plugin --with-system-zlib --disable-browser-plugin --enable-java-awt=gtk --enable-gtk-cairo --with-java-home=/usr/lib/jvm/java-1.5.0-gcj-4.8-amd64/jre --enable-java-home --with-jvm-root-dir=/usr/lib/jvm/java-1.5.0-gcj-4.8-amd64 --with-jvm-jar-dir=/usr/lib/jvm-exports/java-1.5.0-gcj-4.8-amd64 --with-arch-directory=amd64 --with-ecj-jar=/usr/share/java/eclipse-ecj.jar --enable-objc-gc --enable-multiarch --disable-werror --with-arch-32=i686 --with-abi=m64 --with-multilib-list=m32,m64,mx32 --with-tune=generic --enable-checking=release --build=x86_64-linux-gnu --host=x86_64-linux-gnu --target=x86_64-linux-gnu]
  ignore line: [Thread model: posix]
  ignore line: [gcc version 4.8.5 (Ubuntu 4.8.5-2ubuntu1~14.04.1) ]
  ignore line: [COMPILER_PATH=/usr/lib/gcc/x86_64-linux-gnu/4.8/:/usr/lib/gcc/x86_64-linux-gnu/4.8/:/usr/lib/gcc/x86_64-linux-gnu/:/usr/lib/gcc/x86_64-linux-gnu/4.8/:/usr/lib/gcc/x86_64-linux-gnu/]
  ignore line: [LIBRARY_PATH=/usr/lib/gcc/x86_64-linux-gnu/4.8/:/usr/lib/gcc/x86_64-linux-gnu/4.8/../../../x86_64-linux-gnu/:/usr/lib/gcc/x86_64-linux-gnu/4.8/../../../../lib/:/lib/x86_64-linux-gnu/:/lib/../lib/:/usr/lib/x86_64-linux-gnu/:/usr/lib/../lib/:/usr/lib/gcc/x86_64-linux-gnu/4.8/../../../:/lib/:/usr/lib/]
  ignore line: [COLLECT_GCC_OPTIONS='-v' '-o' 'cmTC_4f3fb' '-L/usr/local/cuda-8.0/targets/x86_64-linux/lib/stubs' '-L/usr/local/cuda-8.0/targets/x86_64-linux/lib' '-shared-libgcc' '-mtune=generic' '-march=x86-64']
  link line: [ /usr/lib/gcc/x86_64-linux-gnu/4.8/collect2 --sysroot=/ --build-id --eh-frame-hdr -m elf_x86_64 --hash-style=gnu --as-needed -dynamic-linker /lib64/ld-linux-x86-64.so.2 -z relro -o cmTC_4f3fb /usr/lib/gcc/x86_64-linux-gnu/4.8/../../../x86_64-linux-gnu/crt1.o /usr/lib/gcc/x86_64-linux-gnu/4.8/../../../x86_64-linux-gnu/crti.o /usr/lib/gcc/x86_64-linux-gnu/4.8/crtbegin.o -L/usr/local/cuda-8.0/targets/x86_64-linux/lib/stubs -L/usr/local/cuda-8.0/targets/x86_64-linux/lib -L/usr/lib/gcc/x86_64-linux-gnu/4.8 -L/usr/lib/gcc/x86_64-linux-gnu/4.8/../../../x86_64-linux-gnu -L/usr/lib/gcc/x86_64-linux-gnu/4.8/../../../../lib -L/lib/x86_64-linux-gnu -L/lib/../lib -L/usr/lib/x86_64-linux-gnu -L/usr/lib/../lib -L/usr/lib/gcc/x86_64-linux-gnu/4.8/../../.. CMakeFiles/cmTC_4f3fb.dir/CMakeCUDACompilerABI.cu.o CMakeFiles/cmTC_4f3fb.dir/cmake_device_link.o -lcudadevrt -lcudart_static -lrt -lpthread -ldl -lstdc++ -lm -lgcc_s -lgcc -lc -lgcc_s -lgcc /usr/lib/gcc/x86_64-linux-gnu/4.8/crtend.o /usr/lib/gcc/x86_64-linux-gnu/4.8/../../../x86_64-linux-gnu/crtn.o]
    arg [/usr/lib/gcc/x86_64-linux-gnu/4.8/collect2] ==> ignore
    arg [--sysroot=/] ==> ignore
    arg [--build-id] ==> ignore
    arg [--eh-frame-hdr] ==> ignore
    arg [-m] ==> ignore
    arg [elf_x86_64] ==> ignore
    arg [--hash-style=gnu] ==> ignore
    arg [--as-needed] ==> ignore
    arg [-dynamic-linker] ==> ignore
    arg [/lib64/ld-linux-x86-64.so.2] ==> ignore
    arg [-zrelro] ==> ignore
    arg [-o] ==> ignore
    arg [cmTC_4f3fb] ==> ignore
    arg [/usr/lib/gcc/x86_64-linux-gnu/4.8/../../../x86_64-linux-gnu/crt1.o] ==> ignore
    arg [/usr/lib/gcc/x86_64-linux-gnu/4.8/../../../x86_64-linux-gnu/crti.o] ==> ignore
    arg [/usr/lib/gcc/x86_64-linux-gnu/4.8/crtbegin.o] ==> ignore
    arg [-L/usr/local/cuda-8.0/targets/x86_64-linux/lib/stubs] ==> dir [/usr/local/cuda-8.0/targets/x86_64-linux/lib/stubs]
    arg [-L/usr/local/cuda-8.0/targets/x86_64-linux/lib] ==> dir [/usr/local/cuda-8.0/targets/x86_64-linux/lib]
    arg [-L/usr/lib/gcc/x86_64-linux-gnu/4.8] ==> dir [/usr/lib/gcc/x86_64-linux-gnu/4.8]
    arg [-L/usr/lib/gcc/x86_64-linux-gnu/4.8/../../../x86_64-linux-gnu] ==> dir [/usr/lib/gcc/x86_64-linux-gnu/4.8/../../../x86_64-linux-gnu]
    arg [-L/usr/lib/gcc/x86_64-linux-gnu/4.8/../../../../lib] ==> dir [/usr/lib/gcc/x86_64-linux-gnu/4.8/../../../../lib]
    arg [-L/lib/x86_64-linux-gnu] ==> dir [/lib/x86_64-linux-gnu]
    arg [-L/lib/../lib] ==> dir [/lib/../lib]
    arg [-L/usr/lib/x86_64-linux-gnu] ==> dir [/usr/lib/x86_64-linux-gnu]
    arg [-L/usr/lib/../lib] ==> dir [/usr/lib/../lib]
    arg [-L/usr/lib/gcc/x86_64-linux-gnu/4.8/../../..] ==> dir [/usr/lib/gcc/x86_64-linux-gnu/4.8/../../..]
    arg [CMakeFiles/cmTC_4f3fb.dir/CMakeCUDACompilerABI.cu.o] ==> ignore
    arg [CMakeFiles/cmTC_4f3fb.dir/cmake_device_link.o] ==> ignore
    arg [-lcudadevrt] ==> lib [cudadevrt]
    arg [-lcudart_static] ==> lib [cudart_static]
    arg [-lrt] ==> lib [rt]
    arg [-lpthread] ==> lib [pthread]
    arg [-ldl] ==> lib [dl]
    arg [-lstdc++] ==> lib [stdc++]
    arg [-lm] ==> lib [m]
    arg [-lgcc_s] ==> lib [gcc_s]
    arg [-lgcc] ==> lib [gcc]
    arg [-lc] ==> lib [c]
    arg [-lgcc_s] ==> lib [gcc_s]
    arg [-lgcc] ==> lib [gcc]
    arg [/usr/lib/gcc/x86_64-linux-gnu/4.8/crtend.o] ==> ignore
    arg [/usr/lib/gcc/x86_64-linux-gnu/4.8/../../../x86_64-linux-gnu/crtn.o] ==> ignore
  collapse library dir [/usr/local/cuda-8.0/targets/x86_64-linux/lib/stubs] ==> [/usr/local/cuda-8.0/targets/x86_64-linux/lib/stubs]
  collapse library dir [/usr/local/cuda-8.0/targets/x86_64-linux/lib] ==> [/usr/local/cuda-8.0/targets/x86_64-linux/lib]
  collapse library dir [/usr/lib/gcc/x86_64-linux-gnu/4.8] ==> [/usr/lib/gcc/x86_64-linux-gnu/4.8]
  collapse library dir [/usr/lib/gcc/x86_64-linux-gnu/4.8/../../../x86_64-linux-gnu] ==> [/usr/lib/x86_64-linux-gnu]
  collapse library dir [/usr/lib/gcc/x86_64-linux-gnu/4.8/../../../../lib] ==> [/usr/lib]
  collapse library dir [/lib/x86_64-linux-gnu] ==> [/lib/x86_64-linux-gnu]
  collapse library dir [/lib/../lib] ==> [/lib]
  collapse library dir [/usr/lib/x86_64-linux-gnu] ==> [/usr/lib/x86_64-linux-gnu]
  collapse library dir [/usr/lib/../lib] ==> [/usr/lib]
  collapse library dir [/usr/lib/gcc/x86_64-linux-gnu/4.8/../../..] ==> [/usr/lib]
  implicit libs: [cudadevrt;cudart_static;rt;pthread;dl;stdc++;m;gcc_s;gcc;c;gcc_s;gcc]
  implicit dirs: [/usr/local/cuda-8.0/targets/x86_64-linux/lib/stubs;/usr/local/cuda-8.0/targets/x86_64-linux/lib;/usr/lib/gcc/x86_64-linux-gnu/4.8;/usr/lib/x86_64-linux-gnu;/usr/lib;/lib/x86_64-linux-gnu;/lib]
  implicit fwks: []


